<?xml version="1.0" encoding="UTF-8"?>
<!-- Generated by org.testng.reporters.JUnitXMLReporter -->
<testsuite ignored="0" hostname="inbl01lap7026" failures="0" tests="1" name="Test" time="0.073" errors="0" timestamp="12 Feb 2022 07:07:53 GMT">
  <testcase classname="TestCases.LoginPageTest1" name="@BeforeMethod SSSetUp" time="0.011">
    <failure type="java.lang.NullPointerException" message="Cannot invoke &amp;quot;String.equals(Object)&amp;quot; because &amp;quot;browserName&amp;quot; is null">
      <![CDATA[java.lang.NullPointerException: Cannot invoke "String.equals(Object)" because "browserName" is null
at Base_Package.Base.initialization(Base.java:35)
at TestCases.LoginPageTest1.SSSetUp(LoginPageTest1.java:28)
... Removed 28 stack frames]]>
    </failure>
  </testcase> <!-- @BeforeMethod SSSetUp -->
  <testcase classname="TestCases.LoginPageTest1" name="validateLoginnnn" time="0.001">
    <skipped/>
  </testcase> <!-- validateLoginnnn -->
</testsuite> <!-- Test -->
